24-Nov-2019 14:11:27.063 INFO [main] org.apache.catalina.core.ApplicationContext.log ContextListener: contextInitialized()
24-Nov-2019 14:11:27.063 INFO [main] org.apache.catalina.core.ApplicationContext.log SessionListener: contextInitialized()
24-Nov-2019 14:11:27.067 INFO [main] org.apache.catalina.core.ApplicationContext.log ContextListener: attributeAdded('StockTicker', 'async.Stockticker@2cc04358')
24-Nov-2019 14:14:00.107 INFO [main] org.apache.catalina.core.ApplicationContext.log ContextListener: contextInitialized()
24-Nov-2019 14:14:00.107 INFO [main] org.apache.catalina.core.ApplicationContext.log SessionListener: contextInitialized()
24-Nov-2019 14:14:00.112 INFO [main] org.apache.catalina.core.ApplicationContext.log ContextListener: attributeAdded('StockTicker', 'async.Stockticker@6e1b9411')
24-Nov-2019 14:14:00.593 INFO [main] org.apache.catalina.core.ApplicationContext.log SessionListener: contextDestroyed()
24-Nov-2019 14:14:00.593 INFO [main] org.apache.catalina.core.ApplicationContext.log ContextListener: contextDestroyed()
24-Nov-2019 14:15:36.538 INFO [main] org.apache.catalina.core.ApplicationContext.log SessionListener: contextDestroyed()
24-Nov-2019 14:15:36.538 INFO [main] org.apache.catalina.core.ApplicationContext.log ContextListener: contextDestroyed()
24-Nov-2019 14:15:46.574 INFO [main] org.apache.catalina.core.ApplicationContext.log ContextListener: contextInitialized()
24-Nov-2019 14:15:46.574 INFO [main] org.apache.catalina.core.ApplicationContext.log SessionListener: contextInitialized()
24-Nov-2019 14:15:46.576 INFO [main] org.apache.catalina.core.ApplicationContext.log ContextListener: attributeAdded('StockTicker', 'async.Stockticker@7c129ef6')
24-Nov-2019 14:15:47.341 INFO [http-nio-8080-exec-1] org.apache.catalina.core.ApplicationContext.log Marking servlet [testServlet.BusquedaPorNombreServlet] as unavailable
24-Nov-2019 14:15:47.342 SEVERE [http-nio-8080-exec-1] org.apache.catalina.core.StandardWrapperValve.invoke Allocate exception for servlet [testServlet.BusquedaPorNombreServlet]
	java.lang.ClassNotFoundException: testServlet.BusquedaPorNombreServlet
		at org.apache.catalina.loader.WebappClassLoaderBase.loadClass(WebappClassLoaderBase.java:1365)
		at org.apache.catalina.loader.WebappClassLoaderBase.loadClass(WebappClassLoaderBase.java:1188)
		at org.apache.catalina.core.DefaultInstanceManager.loadClass(DefaultInstanceManager.java:540)
		at org.apache.catalina.core.DefaultInstanceManager.loadClassMaybePrivileged(DefaultInstanceManager.java:521)
		at org.apache.catalina.core.DefaultInstanceManager.newInstance(DefaultInstanceManager.java:150)
		at org.apache.catalina.core.StandardWrapper.loadServlet(StandardWrapper.java:1042)
		at org.apache.catalina.core.StandardWrapper.allocate(StandardWrapper.java:761)
		at org.apache.catalina.core.StandardWrapperValve.invoke(StandardWrapperValve.java:135)
		at org.apache.catalina.core.StandardContextValve.invoke(StandardContextValve.java:96)
		at org.apache.catalina.authenticator.AuthenticatorBase.invoke(AuthenticatorBase.java:526)
		at org.apache.catalina.core.StandardHostValve.invoke(StandardHostValve.java:139)
		at org.apache.catalina.valves.ErrorReportValve.invoke(ErrorReportValve.java:92)
		at org.apache.catalina.valves.AbstractAccessLogValve.invoke(AbstractAccessLogValve.java:678)
		at org.apache.catalina.core.StandardEngineValve.invoke(StandardEngineValve.java:74)
		at org.apache.catalina.connector.CoyoteAdapter.service(CoyoteAdapter.java:343)
		at org.apache.coyote.http11.Http11Processor.service(Http11Processor.java:367)
		at org.apache.coyote.AbstractProcessorLight.process(AbstractProcessorLight.java:65)
		at org.apache.coyote.AbstractProtocol$ConnectionHandler.process(AbstractProtocol.java:860)
		at org.apache.tomcat.util.net.NioEndpoint$SocketProcessor.doRun(NioEndpoint.java:1591)
		at org.apache.tomcat.util.net.SocketProcessorBase.run(SocketProcessorBase.java:49)
		at java.base/java.util.concurrent.ThreadPoolExecutor.runWorker(ThreadPoolExecutor.java:1135)
		at java.base/java.util.concurrent.ThreadPoolExecutor$Worker.run(ThreadPoolExecutor.java:635)
		at org.apache.tomcat.util.threads.TaskThread$WrappingRunnable.run(TaskThread.java:61)
		at java.base/java.lang.Thread.run(Thread.java:844)
24-Nov-2019 14:21:30.877 INFO [main] org.apache.catalina.core.ApplicationContext.log SessionListener: contextDestroyed()
24-Nov-2019 14:21:30.877 INFO [main] org.apache.catalina.core.ApplicationContext.log ContextListener: contextDestroyed()
24-Nov-2019 14:21:35.892 INFO [main] org.apache.catalina.core.ApplicationContext.log ContextListener: contextInitialized()
24-Nov-2019 14:21:35.892 INFO [main] org.apache.catalina.core.ApplicationContext.log SessionListener: contextInitialized()
24-Nov-2019 14:21:35.896 INFO [main] org.apache.catalina.core.ApplicationContext.log ContextListener: attributeAdded('StockTicker', 'async.Stockticker@96a75da')
24-Nov-2019 14:21:36.555 INFO [http-nio-8080-exec-1] org.apache.catalina.core.ApplicationContext.log Marking servlet [testServlet.BusquedaPorNombreServlet] as unavailable
24-Nov-2019 14:21:36.555 SEVERE [http-nio-8080-exec-1] org.apache.catalina.core.StandardWrapperValve.invoke Allocate exception for servlet [testServlet.BusquedaPorNombreServlet]
	java.lang.ClassNotFoundException: testServlet.BusquedaPorNombreServlet
		at org.apache.catalina.loader.WebappClassLoaderBase.loadClass(WebappClassLoaderBase.java:1365)
		at org.apache.catalina.loader.WebappClassLoaderBase.loadClass(WebappClassLoaderBase.java:1188)
		at org.apache.catalina.core.DefaultInstanceManager.loadClass(DefaultInstanceManager.java:540)
		at org.apache.catalina.core.DefaultInstanceManager.loadClassMaybePrivileged(DefaultInstanceManager.java:521)
		at org.apache.catalina.core.DefaultInstanceManager.newInstance(DefaultInstanceManager.java:150)
		at org.apache.catalina.core.StandardWrapper.loadServlet(StandardWrapper.java:1042)
		at org.apache.catalina.core.StandardWrapper.allocate(StandardWrapper.java:761)
		at org.apache.catalina.core.StandardWrapperValve.invoke(StandardWrapperValve.java:135)
		at org.apache.catalina.core.StandardContextValve.invoke(StandardContextValve.java:96)
		at org.apache.catalina.authenticator.AuthenticatorBase.invoke(AuthenticatorBase.java:526)
		at org.apache.catalina.core.StandardHostValve.invoke(StandardHostValve.java:139)
		at org.apache.catalina.valves.ErrorReportValve.invoke(ErrorReportValve.java:92)
		at org.apache.catalina.valves.AbstractAccessLogValve.invoke(AbstractAccessLogValve.java:678)
		at org.apache.catalina.core.StandardEngineValve.invoke(StandardEngineValve.java:74)
		at org.apache.catalina.connector.CoyoteAdapter.service(CoyoteAdapter.java:343)
		at org.apache.coyote.http11.Http11Processor.service(Http11Processor.java:367)
		at org.apache.coyote.AbstractProcessorLight.process(AbstractProcessorLight.java:65)
		at org.apache.coyote.AbstractProtocol$ConnectionHandler.process(AbstractProtocol.java:860)
		at org.apache.tomcat.util.net.NioEndpoint$SocketProcessor.doRun(NioEndpoint.java:1591)
		at org.apache.tomcat.util.net.SocketProcessorBase.run(SocketProcessorBase.java:49)
		at java.base/java.util.concurrent.ThreadPoolExecutor.runWorker(ThreadPoolExecutor.java:1135)
		at java.base/java.util.concurrent.ThreadPoolExecutor$Worker.run(ThreadPoolExecutor.java:635)
		at org.apache.tomcat.util.threads.TaskThread$WrappingRunnable.run(TaskThread.java:61)
		at java.base/java.lang.Thread.run(Thread.java:844)
24-Nov-2019 14:23:33.252 INFO [main] org.apache.catalina.core.ApplicationContext.log SessionListener: contextDestroyed()
24-Nov-2019 14:23:33.252 INFO [main] org.apache.catalina.core.ApplicationContext.log ContextListener: contextDestroyed()
24-Nov-2019 14:23:59.173 INFO [main] org.apache.catalina.core.ApplicationContext.log ContextListener: contextInitialized()
24-Nov-2019 14:23:59.173 INFO [main] org.apache.catalina.core.ApplicationContext.log SessionListener: contextInitialized()
24-Nov-2019 14:23:59.176 INFO [main] org.apache.catalina.core.ApplicationContext.log ContextListener: attributeAdded('StockTicker', 'async.Stockticker@42d73c61')
24-Nov-2019 14:23:59.749 INFO [http-nio-8080-exec-1] org.apache.catalina.core.ApplicationContext.log Marking servlet [Servlet.BusquedaPorNombreServlet] as unavailable
24-Nov-2019 14:23:59.749 SEVERE [http-nio-8080-exec-1] org.apache.catalina.core.StandardWrapperValve.invoke Allocate exception for servlet [Servlet.BusquedaPorNombreServlet]
	java.lang.ClassNotFoundException: Servlet.BusquedaPorNombreServlet
		at org.apache.catalina.loader.WebappClassLoaderBase.loadClass(WebappClassLoaderBase.java:1365)
		at org.apache.catalina.loader.WebappClassLoaderBase.loadClass(WebappClassLoaderBase.java:1188)
		at org.apache.catalina.core.DefaultInstanceManager.loadClass(DefaultInstanceManager.java:540)
		at org.apache.catalina.core.DefaultInstanceManager.loadClassMaybePrivileged(DefaultInstanceManager.java:521)
		at org.apache.catalina.core.DefaultInstanceManager.newInstance(DefaultInstanceManager.java:150)
		at org.apache.catalina.core.StandardWrapper.loadServlet(StandardWrapper.java:1042)
		at org.apache.catalina.core.StandardWrapper.allocate(StandardWrapper.java:761)
		at org.apache.catalina.core.StandardWrapperValve.invoke(StandardWrapperValve.java:135)
		at org.apache.catalina.core.StandardContextValve.invoke(StandardContextValve.java:96)
		at org.apache.catalina.authenticator.AuthenticatorBase.invoke(AuthenticatorBase.java:526)
		at org.apache.catalina.core.StandardHostValve.invoke(StandardHostValve.java:139)
		at org.apache.catalina.valves.ErrorReportValve.invoke(ErrorReportValve.java:92)
		at org.apache.catalina.valves.AbstractAccessLogValve.invoke(AbstractAccessLogValve.java:678)
		at org.apache.catalina.core.StandardEngineValve.invoke(StandardEngineValve.java:74)
		at org.apache.catalina.connector.CoyoteAdapter.service(CoyoteAdapter.java:343)
		at org.apache.coyote.http11.Http11Processor.service(Http11Processor.java:367)
		at org.apache.coyote.AbstractProcessorLight.process(AbstractProcessorLight.java:65)
		at org.apache.coyote.AbstractProtocol$ConnectionHandler.process(AbstractProtocol.java:860)
		at org.apache.tomcat.util.net.NioEndpoint$SocketProcessor.doRun(NioEndpoint.java:1591)
		at org.apache.tomcat.util.net.SocketProcessorBase.run(SocketProcessorBase.java:49)
		at java.base/java.util.concurrent.ThreadPoolExecutor.runWorker(ThreadPoolExecutor.java:1135)
		at java.base/java.util.concurrent.ThreadPoolExecutor$Worker.run(ThreadPoolExecutor.java:635)
		at org.apache.tomcat.util.threads.TaskThread$WrappingRunnable.run(TaskThread.java:61)
		at java.base/java.lang.Thread.run(Thread.java:844)
24-Nov-2019 14:36:17.268 INFO [main] org.apache.catalina.core.ApplicationContext.log SessionListener: contextDestroyed()
24-Nov-2019 14:36:17.268 INFO [main] org.apache.catalina.core.ApplicationContext.log ContextListener: contextDestroyed()
24-Nov-2019 14:36:20.351 INFO [main] org.apache.catalina.core.ApplicationContext.log ContextListener: contextInitialized()
24-Nov-2019 14:36:20.351 INFO [main] org.apache.catalina.core.ApplicationContext.log SessionListener: contextInitialized()
24-Nov-2019 14:36:20.354 INFO [main] org.apache.catalina.core.ApplicationContext.log ContextListener: attributeAdded('StockTicker', 'async.Stockticker@23382f76')
24-Nov-2019 14:36:22.034 INFO [http-nio-8080-exec-1] org.apache.catalina.core.ApplicationContext.log Marking servlet [Servlet.BusquedaPorNombreServlet] as unavailable
24-Nov-2019 14:36:22.035 SEVERE [http-nio-8080-exec-1] org.apache.catalina.core.StandardWrapperValve.invoke Allocate exception for servlet [Servlet.BusquedaPorNombreServlet]
	java.lang.ClassNotFoundException: Servlet.BusquedaPorNombreServlet
		at org.apache.catalina.loader.WebappClassLoaderBase.loadClass(WebappClassLoaderBase.java:1365)
		at org.apache.catalina.loader.WebappClassLoaderBase.loadClass(WebappClassLoaderBase.java:1188)
		at org.apache.catalina.core.DefaultInstanceManager.loadClass(DefaultInstanceManager.java:540)
		at org.apache.catalina.core.DefaultInstanceManager.loadClassMaybePrivileged(DefaultInstanceManager.java:521)
		at org.apache.catalina.core.DefaultInstanceManager.newInstance(DefaultInstanceManager.java:150)
		at org.apache.catalina.core.StandardWrapper.loadServlet(StandardWrapper.java:1042)
		at org.apache.catalina.core.StandardWrapper.allocate(StandardWrapper.java:761)
		at org.apache.catalina.core.StandardWrapperValve.invoke(StandardWrapperValve.java:135)
		at org.apache.catalina.core.StandardContextValve.invoke(StandardContextValve.java:96)
		at org.apache.catalina.authenticator.AuthenticatorBase.invoke(AuthenticatorBase.java:526)
		at org.apache.catalina.core.StandardHostValve.invoke(StandardHostValve.java:139)
		at org.apache.catalina.valves.ErrorReportValve.invoke(ErrorReportValve.java:92)
		at org.apache.catalina.valves.AbstractAccessLogValve.invoke(AbstractAccessLogValve.java:678)
		at org.apache.catalina.core.StandardEngineValve.invoke(StandardEngineValve.java:74)
		at org.apache.catalina.connector.CoyoteAdapter.service(CoyoteAdapter.java:343)
		at org.apache.coyote.http11.Http11Processor.service(Http11Processor.java:367)
		at org.apache.coyote.AbstractProcessorLight.process(AbstractProcessorLight.java:65)
		at org.apache.coyote.AbstractProtocol$ConnectionHandler.process(AbstractProtocol.java:860)
		at org.apache.tomcat.util.net.NioEndpoint$SocketProcessor.doRun(NioEndpoint.java:1591)
		at org.apache.tomcat.util.net.SocketProcessorBase.run(SocketProcessorBase.java:49)
		at java.base/java.util.concurrent.ThreadPoolExecutor.runWorker(ThreadPoolExecutor.java:1135)
		at java.base/java.util.concurrent.ThreadPoolExecutor$Worker.run(ThreadPoolExecutor.java:635)
		at org.apache.tomcat.util.threads.TaskThread$WrappingRunnable.run(TaskThread.java:61)
		at java.base/java.lang.Thread.run(Thread.java:844)
24-Nov-2019 14:45:56.351 INFO [main] org.apache.catalina.core.ApplicationContext.log SessionListener: contextDestroyed()
24-Nov-2019 14:45:56.352 INFO [main] org.apache.catalina.core.ApplicationContext.log ContextListener: contextDestroyed()
24-Nov-2019 14:45:59.218 INFO [main] org.apache.catalina.core.ApplicationContext.log ContextListener: contextInitialized()
24-Nov-2019 14:45:59.220 INFO [main] org.apache.catalina.core.ApplicationContext.log SessionListener: contextInitialized()
24-Nov-2019 14:45:59.254 INFO [main] org.apache.catalina.core.ApplicationContext.log ContextListener: attributeAdded('StockTicker', 'async.Stockticker@7d5508e0')
24-Nov-2019 14:46:02.586 INFO [http-nio-8080-exec-1] org.apache.catalina.core.ApplicationContext.log Marking servlet [Servlet.BusquedaPorNombreServlet] as unavailable
24-Nov-2019 14:46:02.586 SEVERE [http-nio-8080-exec-1] org.apache.catalina.core.StandardWrapperValve.invoke Allocate exception for servlet [Servlet.BusquedaPorNombreServlet]
	java.lang.ClassNotFoundException: Servlet.BusquedaPorNombreServlet
		at org.apache.catalina.loader.WebappClassLoaderBase.loadClass(WebappClassLoaderBase.java:1365)
		at org.apache.catalina.loader.WebappClassLoaderBase.loadClass(WebappClassLoaderBase.java:1188)
		at org.apache.catalina.core.DefaultInstanceManager.loadClass(DefaultInstanceManager.java:540)
		at org.apache.catalina.core.DefaultInstanceManager.loadClassMaybePrivileged(DefaultInstanceManager.java:521)
		at org.apache.catalina.core.DefaultInstanceManager.newInstance(DefaultInstanceManager.java:150)
		at org.apache.catalina.core.StandardWrapper.loadServlet(StandardWrapper.java:1042)
		at org.apache.catalina.core.StandardWrapper.allocate(StandardWrapper.java:761)
		at org.apache.catalina.core.StandardWrapperValve.invoke(StandardWrapperValve.java:135)
		at org.apache.catalina.core.StandardContextValve.invoke(StandardContextValve.java:96)
		at org.apache.catalina.authenticator.AuthenticatorBase.invoke(AuthenticatorBase.java:526)
		at org.apache.catalina.core.StandardHostValve.invoke(StandardHostValve.java:139)
		at org.apache.catalina.valves.ErrorReportValve.invoke(ErrorReportValve.java:92)
		at org.apache.catalina.valves.AbstractAccessLogValve.invoke(AbstractAccessLogValve.java:678)
		at org.apache.catalina.core.StandardEngineValve.invoke(StandardEngineValve.java:74)
		at org.apache.catalina.connector.CoyoteAdapter.service(CoyoteAdapter.java:343)
		at org.apache.coyote.http11.Http11Processor.service(Http11Processor.java:367)
		at org.apache.coyote.AbstractProcessorLight.process(AbstractProcessorLight.java:65)
		at org.apache.coyote.AbstractProtocol$ConnectionHandler.process(AbstractProtocol.java:860)
		at org.apache.tomcat.util.net.NioEndpoint$SocketProcessor.doRun(NioEndpoint.java:1591)
		at org.apache.tomcat.util.net.SocketProcessorBase.run(SocketProcessorBase.java:49)
		at java.base/java.util.concurrent.ThreadPoolExecutor.runWorker(ThreadPoolExecutor.java:1135)
		at java.base/java.util.concurrent.ThreadPoolExecutor$Worker.run(ThreadPoolExecutor.java:635)
		at org.apache.tomcat.util.threads.TaskThread$WrappingRunnable.run(TaskThread.java:61)
		at java.base/java.lang.Thread.run(Thread.java:844)
24-Nov-2019 14:54:04.670 INFO [main] org.apache.catalina.core.ApplicationContext.log SessionListener: contextDestroyed()
24-Nov-2019 14:54:04.670 INFO [main] org.apache.catalina.core.ApplicationContext.log ContextListener: contextDestroyed()
24-Nov-2019 14:54:07.621 INFO [main] org.apache.catalina.core.ApplicationContext.log ContextListener: contextInitialized()
24-Nov-2019 14:54:07.621 INFO [main] org.apache.catalina.core.ApplicationContext.log SessionListener: contextInitialized()
24-Nov-2019 14:54:07.625 INFO [main] org.apache.catalina.core.ApplicationContext.log ContextListener: attributeAdded('StockTicker', 'async.Stockticker@58516c91')
24-Nov-2019 14:54:09.706 INFO [http-nio-8080-exec-1] org.apache.catalina.core.ApplicationContext.log Marking servlet [Servlet.BusquedaPorNombreServlet] as unavailable
24-Nov-2019 14:54:09.707 SEVERE [http-nio-8080-exec-1] org.apache.catalina.core.StandardWrapperValve.invoke Allocate exception for servlet [Servlet.BusquedaPorNombreServlet]
	java.lang.ClassNotFoundException: Servlet.BusquedaPorNombreServlet
		at org.apache.catalina.loader.WebappClassLoaderBase.loadClass(WebappClassLoaderBase.java:1365)
		at org.apache.catalina.loader.WebappClassLoaderBase.loadClass(WebappClassLoaderBase.java:1188)
		at org.apache.catalina.core.DefaultInstanceManager.loadClass(DefaultInstanceManager.java:540)
		at org.apache.catalina.core.DefaultInstanceManager.loadClassMaybePrivileged(DefaultInstanceManager.java:521)
		at org.apache.catalina.core.DefaultInstanceManager.newInstance(DefaultInstanceManager.java:150)
		at org.apache.catalina.core.StandardWrapper.loadServlet(StandardWrapper.java:1042)
		at org.apache.catalina.core.StandardWrapper.allocate(StandardWrapper.java:761)
		at org.apache.catalina.core.StandardWrapperValve.invoke(StandardWrapperValve.java:135)
		at org.apache.catalina.core.StandardContextValve.invoke(StandardContextValve.java:96)
		at org.apache.catalina.authenticator.AuthenticatorBase.invoke(AuthenticatorBase.java:526)
		at org.apache.catalina.core.StandardHostValve.invoke(StandardHostValve.java:139)
		at org.apache.catalina.valves.ErrorReportValve.invoke(ErrorReportValve.java:92)
		at org.apache.catalina.valves.AbstractAccessLogValve.invoke(AbstractAccessLogValve.java:678)
		at org.apache.catalina.core.StandardEngineValve.invoke(StandardEngineValve.java:74)
		at org.apache.catalina.connector.CoyoteAdapter.service(CoyoteAdapter.java:343)
		at org.apache.coyote.http11.Http11Processor.service(Http11Processor.java:367)
		at org.apache.coyote.AbstractProcessorLight.process(AbstractProcessorLight.java:65)
		at org.apache.coyote.AbstractProtocol$ConnectionHandler.process(AbstractProtocol.java:860)
		at org.apache.tomcat.util.net.NioEndpoint$SocketProcessor.doRun(NioEndpoint.java:1591)
		at org.apache.tomcat.util.net.SocketProcessorBase.run(SocketProcessorBase.java:49)
		at java.base/java.util.concurrent.ThreadPoolExecutor.runWorker(ThreadPoolExecutor.java:1135)
		at java.base/java.util.concurrent.ThreadPoolExecutor$Worker.run(ThreadPoolExecutor.java:635)
		at org.apache.tomcat.util.threads.TaskThread$WrappingRunnable.run(TaskThread.java:61)
		at java.base/java.lang.Thread.run(Thread.java:844)
24-Nov-2019 15:01:16.440 INFO [main] org.apache.catalina.core.ApplicationContext.log SessionListener: contextDestroyed()
24-Nov-2019 15:01:16.440 INFO [main] org.apache.catalina.core.ApplicationContext.log ContextListener: contextDestroyed()
24-Nov-2019 15:01:19.381 INFO [main] org.apache.catalina.core.ApplicationContext.log ContextListener: contextInitialized()
24-Nov-2019 15:01:19.382 INFO [main] org.apache.catalina.core.ApplicationContext.log SessionListener: contextInitialized()
24-Nov-2019 15:01:19.384 INFO [main] org.apache.catalina.core.ApplicationContext.log ContextListener: attributeAdded('StockTicker', 'async.Stockticker@756b58a7')
24-Nov-2019 15:01:21.550 INFO [http-nio-8080-exec-1] org.apache.catalina.core.ApplicationContext.log Marking servlet [Servlet.BusquedaPorNombreServlet] as unavailable
24-Nov-2019 15:01:21.550 SEVERE [http-nio-8080-exec-1] org.apache.catalina.core.StandardWrapperValve.invoke Allocate exception for servlet [Servlet.BusquedaPorNombreServlet]
	java.lang.ClassNotFoundException: Servlet.BusquedaPorNombreServlet
		at org.apache.catalina.loader.WebappClassLoaderBase.loadClass(WebappClassLoaderBase.java:1365)
		at org.apache.catalina.loader.WebappClassLoaderBase.loadClass(WebappClassLoaderBase.java:1188)
		at org.apache.catalina.core.DefaultInstanceManager.loadClass(DefaultInstanceManager.java:540)
		at org.apache.catalina.core.DefaultInstanceManager.loadClassMaybePrivileged(DefaultInstanceManager.java:521)
		at org.apache.catalina.core.DefaultInstanceManager.newInstance(DefaultInstanceManager.java:150)
		at org.apache.catalina.core.StandardWrapper.loadServlet(StandardWrapper.java:1042)
		at org.apache.catalina.core.StandardWrapper.allocate(StandardWrapper.java:761)
		at org.apache.catalina.core.StandardWrapperValve.invoke(StandardWrapperValve.java:135)
		at org.apache.catalina.core.StandardContextValve.invoke(StandardContextValve.java:96)
		at org.apache.catalina.authenticator.AuthenticatorBase.invoke(AuthenticatorBase.java:526)
		at org.apache.catalina.core.StandardHostValve.invoke(StandardHostValve.java:139)
		at org.apache.catalina.valves.ErrorReportValve.invoke(ErrorReportValve.java:92)
		at org.apache.catalina.valves.AbstractAccessLogValve.invoke(AbstractAccessLogValve.java:678)
		at org.apache.catalina.core.StandardEngineValve.invoke(StandardEngineValve.java:74)
		at org.apache.catalina.connector.CoyoteAdapter.service(CoyoteAdapter.java:343)
		at org.apache.coyote.http11.Http11Processor.service(Http11Processor.java:367)
		at org.apache.coyote.AbstractProcessorLight.process(AbstractProcessorLight.java:65)
		at org.apache.coyote.AbstractProtocol$ConnectionHandler.process(AbstractProtocol.java:860)
		at org.apache.tomcat.util.net.NioEndpoint$SocketProcessor.doRun(NioEndpoint.java:1591)
		at org.apache.tomcat.util.net.SocketProcessorBase.run(SocketProcessorBase.java:49)
		at java.base/java.util.concurrent.ThreadPoolExecutor.runWorker(ThreadPoolExecutor.java:1135)
		at java.base/java.util.concurrent.ThreadPoolExecutor$Worker.run(ThreadPoolExecutor.java:635)
		at org.apache.tomcat.util.threads.TaskThread$WrappingRunnable.run(TaskThread.java:61)
		at java.base/java.lang.Thread.run(Thread.java:844)
24-Nov-2019 15:18:52.454 INFO [main] org.apache.catalina.core.ApplicationContext.log SessionListener: contextDestroyed()
24-Nov-2019 15:18:52.454 INFO [main] org.apache.catalina.core.ApplicationContext.log ContextListener: contextDestroyed()
24-Nov-2019 15:18:55.924 INFO [main] org.apache.catalina.core.ApplicationContext.log ContextListener: contextInitialized()
24-Nov-2019 15:18:55.924 INFO [main] org.apache.catalina.core.ApplicationContext.log SessionListener: contextInitialized()
24-Nov-2019 15:18:55.929 INFO [main] org.apache.catalina.core.ApplicationContext.log ContextListener: attributeAdded('StockTicker', 'async.Stockticker@7c129ef6')
24-Nov-2019 15:18:57.160 INFO [http-nio-8080-exec-1] org.apache.catalina.core.ApplicationContext.log Marking servlet [Servlet.BusquedaPorNombreServlet] as unavailable
24-Nov-2019 15:18:57.160 SEVERE [http-nio-8080-exec-1] org.apache.catalina.core.StandardWrapperValve.invoke Allocate exception for servlet [Servlet.BusquedaPorNombreServlet]
	java.lang.ClassNotFoundException: Servlet.BusquedaPorNombreServlet
		at org.apache.catalina.loader.WebappClassLoaderBase.loadClass(WebappClassLoaderBase.java:1365)
		at org.apache.catalina.loader.WebappClassLoaderBase.loadClass(WebappClassLoaderBase.java:1188)
		at org.apache.catalina.core.DefaultInstanceManager.loadClass(DefaultInstanceManager.java:540)
		at org.apache.catalina.core.DefaultInstanceManager.loadClassMaybePrivileged(DefaultInstanceManager.java:521)
		at org.apache.catalina.core.DefaultInstanceManager.newInstance(DefaultInstanceManager.java:150)
		at org.apache.catalina.core.StandardWrapper.loadServlet(StandardWrapper.java:1042)
		at org.apache.catalina.core.StandardWrapper.allocate(StandardWrapper.java:761)
		at org.apache.catalina.core.StandardWrapperValve.invoke(StandardWrapperValve.java:135)
		at org.apache.catalina.core.StandardContextValve.invoke(StandardContextValve.java:96)
		at org.apache.catalina.authenticator.AuthenticatorBase.invoke(AuthenticatorBase.java:526)
		at org.apache.catalina.core.StandardHostValve.invoke(StandardHostValve.java:139)
		at org.apache.catalina.valves.ErrorReportValve.invoke(ErrorReportValve.java:92)
		at org.apache.catalina.valves.AbstractAccessLogValve.invoke(AbstractAccessLogValve.java:678)
		at org.apache.catalina.core.StandardEngineValve.invoke(StandardEngineValve.java:74)
		at org.apache.catalina.connector.CoyoteAdapter.service(CoyoteAdapter.java:343)
		at org.apache.coyote.http11.Http11Processor.service(Http11Processor.java:367)
		at org.apache.coyote.AbstractProcessorLight.process(AbstractProcessorLight.java:65)
		at org.apache.coyote.AbstractProtocol$ConnectionHandler.process(AbstractProtocol.java:860)
		at org.apache.tomcat.util.net.NioEndpoint$SocketProcessor.doRun(NioEndpoint.java:1591)
		at org.apache.tomcat.util.net.SocketProcessorBase.run(SocketProcessorBase.java:49)
		at java.base/java.util.concurrent.ThreadPoolExecutor.runWorker(ThreadPoolExecutor.java:1135)
		at java.base/java.util.concurrent.ThreadPoolExecutor$Worker.run(ThreadPoolExecutor.java:635)
		at org.apache.tomcat.util.threads.TaskThread$WrappingRunnable.run(TaskThread.java:61)
		at java.base/java.lang.Thread.run(Thread.java:844)
24-Nov-2019 15:24:46.169 INFO [main] org.apache.catalina.core.ApplicationContext.log SessionListener: contextDestroyed()
24-Nov-2019 15:24:46.169 INFO [main] org.apache.catalina.core.ApplicationContext.log ContextListener: contextDestroyed()
24-Nov-2019 15:24:50.372 INFO [main] org.apache.catalina.core.ApplicationContext.log ContextListener: contextInitialized()
24-Nov-2019 15:24:50.372 INFO [main] org.apache.catalina.core.ApplicationContext.log SessionListener: contextInitialized()
24-Nov-2019 15:24:50.379 INFO [main] org.apache.catalina.core.ApplicationContext.log ContextListener: attributeAdded('StockTicker', 'async.Stockticker@42d73c61')
24-Nov-2019 15:24:52.228 INFO [http-nio-8080-exec-1] org.apache.catalina.core.ApplicationContext.log Marking servlet [Servlet.BusquedaPorNombreServlet] as unavailable
24-Nov-2019 15:24:52.229 SEVERE [http-nio-8080-exec-1] org.apache.catalina.core.StandardWrapperValve.invoke Allocate exception for servlet [Servlet.BusquedaPorNombreServlet]
	java.lang.ClassNotFoundException: Servlet.BusquedaPorNombreServlet
		at org.apache.catalina.loader.WebappClassLoaderBase.loadClass(WebappClassLoaderBase.java:1365)
		at org.apache.catalina.loader.WebappClassLoaderBase.loadClass(WebappClassLoaderBase.java:1188)
		at org.apache.catalina.core.DefaultInstanceManager.loadClass(DefaultInstanceManager.java:540)
		at org.apache.catalina.core.DefaultInstanceManager.loadClassMaybePrivileged(DefaultInstanceManager.java:521)
		at org.apache.catalina.core.DefaultInstanceManager.newInstance(DefaultInstanceManager.java:150)
		at org.apache.catalina.core.StandardWrapper.loadServlet(StandardWrapper.java:1042)
		at org.apache.catalina.core.StandardWrapper.allocate(StandardWrapper.java:761)
		at org.apache.catalina.core.StandardWrapperValve.invoke(StandardWrapperValve.java:135)
		at org.apache.catalina.core.StandardContextValve.invoke(StandardContextValve.java:96)
		at org.apache.catalina.authenticator.AuthenticatorBase.invoke(AuthenticatorBase.java:526)
		at org.apache.catalina.core.StandardHostValve.invoke(StandardHostValve.java:139)
		at org.apache.catalina.valves.ErrorReportValve.invoke(ErrorReportValve.java:92)
		at org.apache.catalina.valves.AbstractAccessLogValve.invoke(AbstractAccessLogValve.java:678)
		at org.apache.catalina.core.StandardEngineValve.invoke(StandardEngineValve.java:74)
		at org.apache.catalina.connector.CoyoteAdapter.service(CoyoteAdapter.java:343)
		at org.apache.coyote.http11.Http11Processor.service(Http11Processor.java:367)
		at org.apache.coyote.AbstractProcessorLight.process(AbstractProcessorLight.java:65)
		at org.apache.coyote.AbstractProtocol$ConnectionHandler.process(AbstractProtocol.java:860)
		at org.apache.tomcat.util.net.NioEndpoint$SocketProcessor.doRun(NioEndpoint.java:1591)
		at org.apache.tomcat.util.net.SocketProcessorBase.run(SocketProcessorBase.java:49)
		at java.base/java.util.concurrent.ThreadPoolExecutor.runWorker(ThreadPoolExecutor.java:1135)
		at java.base/java.util.concurrent.ThreadPoolExecutor$Worker.run(ThreadPoolExecutor.java:635)
		at org.apache.tomcat.util.threads.TaskThread$WrappingRunnable.run(TaskThread.java:61)
		at java.base/java.lang.Thread.run(Thread.java:844)
24-Nov-2019 15:26:56.839 INFO [main] org.apache.catalina.core.ApplicationContext.log SessionListener: contextDestroyed()
24-Nov-2019 15:26:56.839 INFO [main] org.apache.catalina.core.ApplicationContext.log ContextListener: contextDestroyed()
24-Nov-2019 15:30:07.787 INFO [main] org.apache.catalina.core.ApplicationContext.log ContextListener: contextInitialized()
24-Nov-2019 15:30:07.787 INFO [main] org.apache.catalina.core.ApplicationContext.log SessionListener: contextInitialized()
24-Nov-2019 15:30:07.790 INFO [main] org.apache.catalina.core.ApplicationContext.log ContextListener: attributeAdded('StockTicker', 'async.Stockticker@7d5508e0')
24-Nov-2019 15:32:43.642 INFO [main] org.apache.catalina.core.ApplicationContext.log SessionListener: contextDestroyed()
24-Nov-2019 15:32:43.642 INFO [main] org.apache.catalina.core.ApplicationContext.log ContextListener: contextDestroyed()
24-Nov-2019 15:32:46.988 INFO [main] org.apache.catalina.core.ApplicationContext.log ContextListener: contextInitialized()
24-Nov-2019 15:32:46.988 INFO [main] org.apache.catalina.core.ApplicationContext.log SessionListener: contextInitialized()
24-Nov-2019 15:32:46.992 INFO [main] org.apache.catalina.core.ApplicationContext.log ContextListener: attributeAdded('StockTicker', 'async.Stockticker@37ed010a')
24-Nov-2019 15:34:05.862 INFO [main] org.apache.catalina.core.ApplicationContext.log SessionListener: contextDestroyed()
24-Nov-2019 15:34:05.863 INFO [main] org.apache.catalina.core.ApplicationContext.log ContextListener: contextDestroyed()
24-Nov-2019 15:34:09.126 INFO [main] org.apache.catalina.core.ApplicationContext.log ContextListener: contextInitialized()
24-Nov-2019 15:34:09.126 INFO [main] org.apache.catalina.core.ApplicationContext.log SessionListener: contextInitialized()
24-Nov-2019 15:34:09.129 INFO [main] org.apache.catalina.core.ApplicationContext.log ContextListener: attributeAdded('StockTicker', 'async.Stockticker@367d2816')
24-Nov-2019 15:40:37.901 INFO [main] org.apache.catalina.core.ApplicationContext.log SessionListener: contextDestroyed()
24-Nov-2019 15:40:37.901 INFO [main] org.apache.catalina.core.ApplicationContext.log ContextListener: contextDestroyed()
24-Nov-2019 15:40:40.736 INFO [main] org.apache.catalina.core.ApplicationContext.log ContextListener: contextInitialized()
24-Nov-2019 15:40:40.736 INFO [main] org.apache.catalina.core.ApplicationContext.log SessionListener: contextInitialized()
24-Nov-2019 15:40:40.738 INFO [main] org.apache.catalina.core.ApplicationContext.log ContextListener: attributeAdded('StockTicker', 'async.Stockticker@701bc94e')
24-Nov-2019 15:41:48.476 INFO [main] org.apache.catalina.core.ApplicationContext.log SessionListener: contextDestroyed()
24-Nov-2019 15:41:48.476 INFO [main] org.apache.catalina.core.ApplicationContext.log ContextListener: contextDestroyed()
24-Nov-2019 15:41:51.247 INFO [main] org.apache.catalina.core.ApplicationContext.log ContextListener: contextInitialized()
24-Nov-2019 15:41:51.248 INFO [main] org.apache.catalina.core.ApplicationContext.log SessionListener: contextInitialized()
24-Nov-2019 15:41:51.252 INFO [main] org.apache.catalina.core.ApplicationContext.log ContextListener: attributeAdded('StockTicker', 'async.Stockticker@27a97e08')
24-Nov-2019 15:43:36.248 INFO [main] org.apache.catalina.core.ApplicationContext.log SessionListener: contextDestroyed()
24-Nov-2019 15:43:36.248 INFO [main] org.apache.catalina.core.ApplicationContext.log ContextListener: contextDestroyed()
24-Nov-2019 15:43:39.000 INFO [main] org.apache.catalina.core.ApplicationContext.log ContextListener: contextInitialized()
24-Nov-2019 15:43:39.000 INFO [main] org.apache.catalina.core.ApplicationContext.log SessionListener: contextInitialized()
24-Nov-2019 15:43:39.005 INFO [main] org.apache.catalina.core.ApplicationContext.log ContextListener: attributeAdded('StockTicker', 'async.Stockticker@1f44ddab')
24-Nov-2019 15:45:10.571 INFO [main] org.apache.catalina.core.ApplicationContext.log SessionListener: contextDestroyed()
24-Nov-2019 15:45:10.571 INFO [main] org.apache.catalina.core.ApplicationContext.log ContextListener: contextDestroyed()
24-Nov-2019 15:45:13.152 INFO [main] org.apache.catalina.core.ApplicationContext.log ContextListener: contextInitialized()
24-Nov-2019 15:45:13.152 INFO [main] org.apache.catalina.core.ApplicationContext.log SessionListener: contextInitialized()
24-Nov-2019 15:45:13.155 INFO [main] org.apache.catalina.core.ApplicationContext.log ContextListener: attributeAdded('StockTicker', 'async.Stockticker@3d7b1f1c')
24-Nov-2019 15:54:45.740 INFO [main] org.apache.catalina.core.ApplicationContext.log SessionListener: contextDestroyed()
24-Nov-2019 15:54:45.740 INFO [main] org.apache.catalina.core.ApplicationContext.log ContextListener: contextDestroyed()
24-Nov-2019 15:54:48.636 INFO [main] org.apache.catalina.core.ApplicationContext.log ContextListener: contextInitialized()
24-Nov-2019 15:54:48.636 INFO [main] org.apache.catalina.core.ApplicationContext.log SessionListener: contextInitialized()
24-Nov-2019 15:54:48.639 INFO [main] org.apache.catalina.core.ApplicationContext.log ContextListener: attributeAdded('StockTicker', 'async.Stockticker@77e7246b')
24-Nov-2019 16:01:42.539 INFO [main] org.apache.catalina.core.ApplicationContext.log SessionListener: contextDestroyed()
24-Nov-2019 16:01:42.539 INFO [main] org.apache.catalina.core.ApplicationContext.log ContextListener: contextDestroyed()
24-Nov-2019 16:01:45.411 INFO [main] org.apache.catalina.core.ApplicationContext.log ContextListener: contextInitialized()
24-Nov-2019 16:01:45.411 INFO [main] org.apache.catalina.core.ApplicationContext.log SessionListener: contextInitialized()
24-Nov-2019 16:01:45.416 INFO [main] org.apache.catalina.core.ApplicationContext.log ContextListener: attributeAdded('StockTicker', 'async.Stockticker@3d7b1f1c')
24-Nov-2019 16:08:46.632 INFO [main] org.apache.catalina.core.ApplicationContext.log SessionListener: contextDestroyed()
24-Nov-2019 16:08:46.632 INFO [main] org.apache.catalina.core.ApplicationContext.log ContextListener: contextDestroyed()
24-Nov-2019 16:08:50.117 INFO [main] org.apache.catalina.core.ApplicationContext.log ContextListener: contextInitialized()
24-Nov-2019 16:08:50.117 INFO [main] org.apache.catalina.core.ApplicationContext.log SessionListener: contextInitialized()
24-Nov-2019 16:08:50.121 INFO [main] org.apache.catalina.core.ApplicationContext.log ContextListener: attributeAdded('StockTicker', 'async.Stockticker@367d2816')
24-Nov-2019 16:09:53.608 INFO [main] org.apache.catalina.core.ApplicationContext.log SessionListener: contextDestroyed()
24-Nov-2019 16:09:53.608 INFO [main] org.apache.catalina.core.ApplicationContext.log ContextListener: contextDestroyed()
24-Nov-2019 16:09:57.900 INFO [main] org.apache.catalina.core.ApplicationContext.log ContextListener: contextInitialized()
24-Nov-2019 16:09:57.900 INFO [main] org.apache.catalina.core.ApplicationContext.log SessionListener: contextInitialized()
24-Nov-2019 16:09:57.902 INFO [main] org.apache.catalina.core.ApplicationContext.log ContextListener: attributeAdded('StockTicker', 'async.Stockticker@5918c260')
24-Nov-2019 16:14:08.195 INFO [main] org.apache.catalina.core.ApplicationContext.log SessionListener: contextDestroyed()
24-Nov-2019 16:14:08.195 INFO [main] org.apache.catalina.core.ApplicationContext.log ContextListener: contextDestroyed()
24-Nov-2019 16:14:10.970 INFO [main] org.apache.catalina.core.ApplicationContext.log ContextListener: contextInitialized()
24-Nov-2019 16:14:10.970 INFO [main] org.apache.catalina.core.ApplicationContext.log SessionListener: contextInitialized()
24-Nov-2019 16:14:10.974 INFO [main] org.apache.catalina.core.ApplicationContext.log ContextListener: attributeAdded('StockTicker', 'async.Stockticker@77e7246b')
24-Nov-2019 16:16:26.170 INFO [main] org.apache.catalina.core.ApplicationContext.log SessionListener: contextDestroyed()
24-Nov-2019 16:16:26.170 INFO [main] org.apache.catalina.core.ApplicationContext.log ContextListener: contextDestroyed()
24-Nov-2019 16:16:28.909 INFO [main] org.apache.catalina.core.ApplicationContext.log ContextListener: contextInitialized()
24-Nov-2019 16:16:28.909 INFO [main] org.apache.catalina.core.ApplicationContext.log SessionListener: contextInitialized()
24-Nov-2019 16:16:28.913 INFO [main] org.apache.catalina.core.ApplicationContext.log ContextListener: attributeAdded('StockTicker', 'async.Stockticker@5918c260')
24-Nov-2019 16:18:26.234 INFO [main] org.apache.catalina.core.ApplicationContext.log SessionListener: contextDestroyed()
24-Nov-2019 16:18:26.234 INFO [main] org.apache.catalina.core.ApplicationContext.log ContextListener: contextDestroyed()
24-Nov-2019 16:18:29.030 INFO [main] org.apache.catalina.core.ApplicationContext.log ContextListener: contextInitialized()
24-Nov-2019 16:18:29.030 INFO [main] org.apache.catalina.core.ApplicationContext.log SessionListener: contextInitialized()
24-Nov-2019 16:18:29.033 INFO [main] org.apache.catalina.core.ApplicationContext.log ContextListener: attributeAdded('StockTicker', 'async.Stockticker@3d8b319e')
24-Nov-2019 16:25:38.440 INFO [main] org.apache.catalina.core.ApplicationContext.log SessionListener: contextDestroyed()
24-Nov-2019 16:25:38.440 INFO [main] org.apache.catalina.core.ApplicationContext.log ContextListener: contextDestroyed()
24-Nov-2019 16:25:41.096 INFO [main] org.apache.catalina.core.ApplicationContext.log ContextListener: contextInitialized()
24-Nov-2019 16:25:41.096 INFO [main] org.apache.catalina.core.ApplicationContext.log SessionListener: contextInitialized()
24-Nov-2019 16:25:41.106 INFO [main] org.apache.catalina.core.ApplicationContext.log ContextListener: attributeAdded('StockTicker', 'async.Stockticker@5017e1')
24-Nov-2019 16:27:16.787 INFO [main] org.apache.catalina.core.ApplicationContext.log SessionListener: contextDestroyed()
24-Nov-2019 16:27:16.787 INFO [main] org.apache.catalina.core.ApplicationContext.log ContextListener: contextDestroyed()
24-Nov-2019 16:27:19.409 INFO [main] org.apache.catalina.core.ApplicationContext.log ContextListener: contextInitialized()
24-Nov-2019 16:27:19.409 INFO [main] org.apache.catalina.core.ApplicationContext.log SessionListener: contextInitialized()
24-Nov-2019 16:27:19.413 INFO [main] org.apache.catalina.core.ApplicationContext.log ContextListener: attributeAdded('StockTicker', 'async.Stockticker@51ce6f85')
24-Nov-2019 16:32:28.028 INFO [main] org.apache.catalina.core.ApplicationContext.log SessionListener: contextDestroyed()
24-Nov-2019 16:32:28.028 INFO [main] org.apache.catalina.core.ApplicationContext.log ContextListener: contextDestroyed()
24-Nov-2019 16:32:30.674 INFO [main] org.apache.catalina.core.ApplicationContext.log ContextListener: contextInitialized()
24-Nov-2019 16:32:30.674 INFO [main] org.apache.catalina.core.ApplicationContext.log SessionListener: contextInitialized()
24-Nov-2019 16:32:30.677 INFO [main] org.apache.catalina.core.ApplicationContext.log ContextListener: attributeAdded('StockTicker', 'async.Stockticker@51ce6f85')
24-Nov-2019 16:35:39.680 INFO [main] org.apache.catalina.core.ApplicationContext.log SessionListener: contextDestroyed()
24-Nov-2019 16:35:39.680 INFO [main] org.apache.catalina.core.ApplicationContext.log ContextListener: contextDestroyed()
24-Nov-2019 16:35:42.181 INFO [main] org.apache.catalina.core.ApplicationContext.log ContextListener: contextInitialized()
24-Nov-2019 16:35:42.181 INFO [main] org.apache.catalina.core.ApplicationContext.log SessionListener: contextInitialized()
24-Nov-2019 16:35:42.185 INFO [main] org.apache.catalina.core.ApplicationContext.log ContextListener: attributeAdded('StockTicker', 'async.Stockticker@27a97e08')
24-Nov-2019 16:43:49.236 INFO [main] org.apache.catalina.core.ApplicationContext.log SessionListener: contextDestroyed()
24-Nov-2019 16:43:49.236 INFO [main] org.apache.catalina.core.ApplicationContext.log ContextListener: contextDestroyed()
24-Nov-2019 16:43:51.869 INFO [main] org.apache.catalina.core.ApplicationContext.log ContextListener: contextInitialized()
24-Nov-2019 16:43:51.869 INFO [main] org.apache.catalina.core.ApplicationContext.log SessionListener: contextInitialized()
24-Nov-2019 16:43:51.872 INFO [main] org.apache.catalina.core.ApplicationContext.log ContextListener: attributeAdded('StockTicker', 'async.Stockticker@27a97e08')
24-Nov-2019 16:44:29.450 INFO [main] org.apache.catalina.core.ApplicationContext.log SessionListener: contextDestroyed()
24-Nov-2019 16:44:29.450 INFO [main] org.apache.catalina.core.ApplicationContext.log ContextListener: contextDestroyed()
24-Nov-2019 16:44:32.186 INFO [main] org.apache.catalina.core.ApplicationContext.log ContextListener: contextInitialized()
24-Nov-2019 16:44:32.186 INFO [main] org.apache.catalina.core.ApplicationContext.log SessionListener: contextInitialized()
24-Nov-2019 16:44:32.193 INFO [main] org.apache.catalina.core.ApplicationContext.log ContextListener: attributeAdded('StockTicker', 'async.Stockticker@5918c260')
24-Nov-2019 16:47:53.873 INFO [main] org.apache.catalina.core.ApplicationContext.log SessionListener: contextDestroyed()
24-Nov-2019 16:47:53.873 INFO [main] org.apache.catalina.core.ApplicationContext.log ContextListener: contextDestroyed()
24-Nov-2019 16:47:57.138 INFO [main] org.apache.catalina.core.ApplicationContext.log ContextListener: contextInitialized()
24-Nov-2019 16:47:57.138 INFO [main] org.apache.catalina.core.ApplicationContext.log SessionListener: contextInitialized()
24-Nov-2019 16:47:57.142 INFO [main] org.apache.catalina.core.ApplicationContext.log ContextListener: attributeAdded('StockTicker', 'async.Stockticker@5918c260')
24-Nov-2019 16:48:44.393 INFO [main] org.apache.catalina.core.ApplicationContext.log SessionListener: contextDestroyed()
24-Nov-2019 16:48:44.393 INFO [main] org.apache.catalina.core.ApplicationContext.log ContextListener: contextDestroyed()
24-Nov-2019 16:48:46.899 INFO [main] org.apache.catalina.core.ApplicationContext.log ContextListener: contextInitialized()
24-Nov-2019 16:48:46.900 INFO [main] org.apache.catalina.core.ApplicationContext.log SessionListener: contextInitialized()
24-Nov-2019 16:48:46.905 INFO [main] org.apache.catalina.core.ApplicationContext.log ContextListener: attributeAdded('StockTicker', 'async.Stockticker@77e7246b')
24-Nov-2019 16:50:04.620 INFO [main] org.apache.catalina.core.ApplicationContext.log SessionListener: contextDestroyed()
24-Nov-2019 16:50:04.620 INFO [main] org.apache.catalina.core.ApplicationContext.log ContextListener: contextDestroyed()
24-Nov-2019 16:50:07.628 INFO [main] org.apache.catalina.core.ApplicationContext.log ContextListener: contextInitialized()
24-Nov-2019 16:50:07.628 INFO [main] org.apache.catalina.core.ApplicationContext.log SessionListener: contextInitialized()
24-Nov-2019 16:50:07.632 INFO [main] org.apache.catalina.core.ApplicationContext.log ContextListener: attributeAdded('StockTicker', 'async.Stockticker@5918c260')
24-Nov-2019 16:52:15.235 INFO [main] org.apache.catalina.core.ApplicationContext.log SessionListener: contextDestroyed()
24-Nov-2019 16:52:15.236 INFO [main] org.apache.catalina.core.ApplicationContext.log ContextListener: contextDestroyed()
24-Nov-2019 16:52:18.819 INFO [main] org.apache.catalina.core.ApplicationContext.log ContextListener: contextInitialized()
24-Nov-2019 16:52:18.819 INFO [main] org.apache.catalina.core.ApplicationContext.log SessionListener: contextInitialized()
24-Nov-2019 16:52:18.823 INFO [main] org.apache.catalina.core.ApplicationContext.log ContextListener: attributeAdded('StockTicker', 'async.Stockticker@51ce6f85')
24-Nov-2019 16:56:57.946 INFO [main] org.apache.catalina.core.ApplicationContext.log SessionListener: contextDestroyed()
24-Nov-2019 16:56:57.946 INFO [main] org.apache.catalina.core.ApplicationContext.log ContextListener: contextDestroyed()
24-Nov-2019 16:57:00.629 INFO [main] org.apache.catalina.core.ApplicationContext.log ContextListener: contextInitialized()
24-Nov-2019 16:57:00.629 INFO [main] org.apache.catalina.core.ApplicationContext.log SessionListener: contextInitialized()
24-Nov-2019 16:57:00.633 INFO [main] org.apache.catalina.core.ApplicationContext.log ContextListener: attributeAdded('StockTicker', 'async.Stockticker@5918c260')
24-Nov-2019 16:59:35.709 INFO [main] org.apache.catalina.core.ApplicationContext.log SessionListener: contextDestroyed()
24-Nov-2019 16:59:35.709 INFO [main] org.apache.catalina.core.ApplicationContext.log ContextListener: contextDestroyed()
24-Nov-2019 16:59:38.412 INFO [main] org.apache.catalina.core.ApplicationContext.log ContextListener: contextInitialized()
24-Nov-2019 16:59:38.412 INFO [main] org.apache.catalina.core.ApplicationContext.log SessionListener: contextInitialized()
24-Nov-2019 16:59:38.415 INFO [main] org.apache.catalina.core.ApplicationContext.log ContextListener: attributeAdded('StockTicker', 'async.Stockticker@351f2244')
24-Nov-2019 17:00:10.901 INFO [main] org.apache.catalina.core.ApplicationContext.log SessionListener: contextDestroyed()
24-Nov-2019 17:00:10.901 INFO [main] org.apache.catalina.core.ApplicationContext.log ContextListener: contextDestroyed()
24-Nov-2019 17:00:13.408 INFO [main] org.apache.catalina.core.ApplicationContext.log ContextListener: contextInitialized()
24-Nov-2019 17:00:13.409 INFO [main] org.apache.catalina.core.ApplicationContext.log SessionListener: contextInitialized()
24-Nov-2019 17:00:13.413 INFO [main] org.apache.catalina.core.ApplicationContext.log ContextListener: attributeAdded('StockTicker', 'async.Stockticker@2009f9b0')
24-Nov-2019 17:01:56.031 INFO [main] org.apache.catalina.core.ApplicationContext.log SessionListener: contextDestroyed()
24-Nov-2019 17:01:56.031 INFO [main] org.apache.catalina.core.ApplicationContext.log ContextListener: contextDestroyed()
24-Nov-2019 17:01:58.768 INFO [main] org.apache.catalina.core.ApplicationContext.log ContextListener: contextInitialized()
24-Nov-2019 17:01:58.768 INFO [main] org.apache.catalina.core.ApplicationContext.log SessionListener: contextInitialized()
24-Nov-2019 17:01:58.770 INFO [main] org.apache.catalina.core.ApplicationContext.log ContextListener: attributeAdded('StockTicker', 'async.Stockticker@6aba5d30')
24-Nov-2019 17:03:38.586 INFO [main] org.apache.catalina.core.ApplicationContext.log SessionListener: contextDestroyed()
24-Nov-2019 17:03:38.586 INFO [main] org.apache.catalina.core.ApplicationContext.log ContextListener: contextDestroyed()
24-Nov-2019 17:03:41.331 INFO [main] org.apache.catalina.core.ApplicationContext.log ContextListener: contextInitialized()
24-Nov-2019 17:03:41.331 INFO [main] org.apache.catalina.core.ApplicationContext.log SessionListener: contextInitialized()
24-Nov-2019 17:03:41.333 INFO [main] org.apache.catalina.core.ApplicationContext.log ContextListener: attributeAdded('StockTicker', 'async.Stockticker@2009f9b0')
24-Nov-2019 17:04:52.619 INFO [main] org.apache.catalina.core.ApplicationContext.log SessionListener: contextDestroyed()
24-Nov-2019 17:04:52.619 INFO [main] org.apache.catalina.core.ApplicationContext.log ContextListener: contextDestroyed()
24-Nov-2019 17:04:55.274 INFO [main] org.apache.catalina.core.ApplicationContext.log ContextListener: contextInitialized()
24-Nov-2019 17:04:55.274 INFO [main] org.apache.catalina.core.ApplicationContext.log SessionListener: contextInitialized()
24-Nov-2019 17:04:55.277 INFO [main] org.apache.catalina.core.ApplicationContext.log ContextListener: attributeAdded('StockTicker', 'async.Stockticker@39ad12b6')
24-Nov-2019 17:08:10.677 INFO [main] org.apache.catalina.core.ApplicationContext.log SessionListener: contextDestroyed()
24-Nov-2019 17:08:10.677 INFO [main] org.apache.catalina.core.ApplicationContext.log ContextListener: contextDestroyed()
24-Nov-2019 17:08:13.380 INFO [main] org.apache.catalina.core.ApplicationContext.log ContextListener: contextInitialized()
24-Nov-2019 17:08:13.380 INFO [main] org.apache.catalina.core.ApplicationContext.log SessionListener: contextInitialized()
24-Nov-2019 17:08:13.383 INFO [main] org.apache.catalina.core.ApplicationContext.log ContextListener: attributeAdded('StockTicker', 'async.Stockticker@43da41e')
24-Nov-2019 17:14:54.043 INFO [main] org.apache.catalina.core.ApplicationContext.log SessionListener: contextDestroyed()
24-Nov-2019 17:14:54.043 INFO [main] org.apache.catalina.core.ApplicationContext.log ContextListener: contextDestroyed()
24-Nov-2019 17:14:56.806 INFO [main] org.apache.catalina.core.ApplicationContext.log ContextListener: contextInitialized()
24-Nov-2019 17:14:56.806 INFO [main] org.apache.catalina.core.ApplicationContext.log SessionListener: contextInitialized()
24-Nov-2019 17:14:56.809 INFO [main] org.apache.catalina.core.ApplicationContext.log ContextListener: attributeAdded('StockTicker', 'async.Stockticker@3cf7298d')
24-Nov-2019 17:20:36.797 INFO [main] org.apache.catalina.core.ApplicationContext.log SessionListener: contextDestroyed()
24-Nov-2019 17:20:36.797 INFO [main] org.apache.catalina.core.ApplicationContext.log ContextListener: contextDestroyed()
24-Nov-2019 17:20:39.383 INFO [main] org.apache.catalina.core.ApplicationContext.log ContextListener: contextInitialized()
24-Nov-2019 17:20:39.383 INFO [main] org.apache.catalina.core.ApplicationContext.log SessionListener: contextInitialized()
24-Nov-2019 17:20:39.386 INFO [main] org.apache.catalina.core.ApplicationContext.log ContextListener: attributeAdded('StockTicker', 'async.Stockticker@50d951e7')
24-Nov-2019 17:31:06.631 SEVERE [http-nio-8080-exec-6] org.apache.catalina.core.ApplicationDispatcher.invoke Servlet.service() for servlet [jsp] threw exception
	org.apache.jasper.JasperException: /WEB-INF/busqueda_por_nombre.jsp (line: [4], column: [2]) File [/common/header.jsp] not found
		at org.apache.jasper.compiler.DefaultErrorHandler.jspError(DefaultErrorHandler.java:42)
		at org.apache.jasper.compiler.ErrorDispatcher.dispatch(ErrorDispatcher.java:292)
		at org.apache.jasper.compiler.ErrorDispatcher.jspError(ErrorDispatcher.java:98)
		at org.apache.jasper.compiler.Parser.processIncludeDirective(Parser.java:345)
		at org.apache.jasper.compiler.Parser.parseIncludeDirective(Parser.java:380)
		at org.apache.jasper.compiler.Parser.parseDirective(Parser.java:481)
		at org.apache.jasper.compiler.Parser.parseFileDirectives(Parser.java:1797)
		at org.apache.jasper.compiler.Parser.parse(Parser.java:141)
		at org.apache.jasper.compiler.ParserController.doParse(ParserController.java:244)
		at org.apache.jasper.compiler.ParserController.parseDirectives(ParserController.java:127)
		at org.apache.jasper.compiler.Compiler.generateJava(Compiler.java:202)
		at org.apache.jasper.compiler.Compiler.compile(Compiler.java:386)
		at org.apache.jasper.compiler.Compiler.compile(Compiler.java:362)
		at org.apache.jasper.compiler.Compiler.compile(Compiler.java:346)
		at org.apache.jasper.JspCompilationContext.compile(JspCompilationContext.java:605)
		at org.apache.jasper.servlet.JspServletWrapper.service(JspServletWrapper.java:400)
		at org.apache.jasper.servlet.JspServlet.serviceJspFile(JspServlet.java:385)
		at org.apache.jasper.servlet.JspServlet.service(JspServlet.java:329)
		at javax.servlet.http.HttpServlet.service(HttpServlet.java:741)
		at org.apache.catalina.core.ApplicationFilterChain.internalDoFilter(ApplicationFilterChain.java:231)
		at org.apache.catalina.core.ApplicationFilterChain.doFilter(ApplicationFilterChain.java:166)
		at org.apache.tomcat.websocket.server.WsFilter.doFilter(WsFilter.java:53)
		at org.apache.catalina.core.ApplicationFilterChain.internalDoFilter(ApplicationFilterChain.java:193)
		at org.apache.catalina.core.ApplicationFilterChain.doFilter(ApplicationFilterChain.java:166)
		at org.apache.catalina.core.ApplicationDispatcher.invoke(ApplicationDispatcher.java:712)
		at org.apache.catalina.core.ApplicationDispatcher.processRequest(ApplicationDispatcher.java:459)
		at org.apache.catalina.core.ApplicationDispatcher.doForward(ApplicationDispatcher.java:384)
		at org.apache.catalina.core.ApplicationDispatcher.forward(ApplicationDispatcher.java:312)
		at arrpiServlet.BusquedaPorNombreServlet.doGet(BusquedaPorNombreServlet.java:47)
		at javax.servlet.http.HttpServlet.service(HttpServlet.java:634)
		at javax.servlet.http.HttpServlet.service(HttpServlet.java:741)
		at org.apache.catalina.core.ApplicationFilterChain.internalDoFilter(ApplicationFilterChain.java:231)
		at org.apache.catalina.core.ApplicationFilterChain.doFilter(ApplicationFilterChain.java:166)
		at org.apache.tomcat.websocket.server.WsFilter.doFilter(WsFilter.java:53)
		at org.apache.catalina.core.ApplicationFilterChain.internalDoFilter(ApplicationFilterChain.java:193)
		at org.apache.catalina.core.ApplicationFilterChain.doFilter(ApplicationFilterChain.java:166)
		at org.apache.catalina.core.StandardWrapperValve.invoke(StandardWrapperValve.java:202)
		at org.apache.catalina.core.StandardContextValve.invoke(StandardContextValve.java:96)
		at org.apache.catalina.authenticator.AuthenticatorBase.invoke(AuthenticatorBase.java:526)
		at org.apache.catalina.core.StandardHostValve.invoke(StandardHostValve.java:139)
		at org.apache.catalina.valves.ErrorReportValve.invoke(ErrorReportValve.java:92)
		at org.apache.catalina.valves.AbstractAccessLogValve.invoke(AbstractAccessLogValve.java:678)
		at org.apache.catalina.core.StandardEngineValve.invoke(StandardEngineValve.java:74)
		at org.apache.catalina.connector.CoyoteAdapter.service(CoyoteAdapter.java:343)
		at org.apache.coyote.http11.Http11Processor.service(Http11Processor.java:367)
		at org.apache.coyote.AbstractProcessorLight.process(AbstractProcessorLight.java:65)
		at org.apache.coyote.AbstractProtocol$ConnectionHandler.process(AbstractProtocol.java:860)
		at org.apache.tomcat.util.net.NioEndpoint$SocketProcessor.doRun(NioEndpoint.java:1591)
		at org.apache.tomcat.util.net.SocketProcessorBase.run(SocketProcessorBase.java:49)
		at java.base/java.util.concurrent.ThreadPoolExecutor.runWorker(ThreadPoolExecutor.java:1135)
		at java.base/java.util.concurrent.ThreadPoolExecutor$Worker.run(ThreadPoolExecutor.java:635)
		at org.apache.tomcat.util.threads.TaskThread$WrappingRunnable.run(TaskThread.java:61)
		at java.base/java.lang.Thread.run(Thread.java:844)
24-Nov-2019 17:31:06.632 SEVERE [http-nio-8080-exec-6] org.apache.catalina.core.StandardWrapperValve.invoke Servlet.service() for servlet [arrpiServlet.BusquedaPorNombreServlet] in context with path [/arrpi] threw exception [/WEB-INF/busqueda_por_nombre.jsp (line: [4], column: [2]) File [/common/header.jsp] not found] with root cause
	org.apache.jasper.JasperException: /WEB-INF/busqueda_por_nombre.jsp (line: [4], column: [2]) File [/common/header.jsp] not found
		at org.apache.jasper.compiler.DefaultErrorHandler.jspError(DefaultErrorHandler.java:42)
		at org.apache.jasper.compiler.ErrorDispatcher.dispatch(ErrorDispatcher.java:292)
		at org.apache.jasper.compiler.ErrorDispatcher.jspError(ErrorDispatcher.java:98)
		at org.apache.jasper.compiler.Parser.processIncludeDirective(Parser.java:345)
		at org.apache.jasper.compiler.Parser.parseIncludeDirective(Parser.java:380)
		at org.apache.jasper.compiler.Parser.parseDirective(Parser.java:481)
		at org.apache.jasper.compiler.Parser.parseFileDirectives(Parser.java:1797)
		at org.apache.jasper.compiler.Parser.parse(Parser.java:141)
		at org.apache.jasper.compiler.ParserController.doParse(ParserController.java:244)
		at org.apache.jasper.compiler.ParserController.parseDirectives(ParserController.java:127)
		at org.apache.jasper.compiler.Compiler.generateJava(Compiler.java:202)
		at org.apache.jasper.compiler.Compiler.compile(Compiler.java:386)
		at org.apache.jasper.compiler.Compiler.compile(Compiler.java:362)
		at org.apache.jasper.compiler.Compiler.compile(Compiler.java:346)
		at org.apache.jasper.JspCompilationContext.compile(JspCompilationContext.java:605)
		at org.apache.jasper.servlet.JspServletWrapper.service(JspServletWrapper.java:400)
		at org.apache.jasper.servlet.JspServlet.serviceJspFile(JspServlet.java:385)
		at org.apache.jasper.servlet.JspServlet.service(JspServlet.java:329)
		at javax.servlet.http.HttpServlet.service(HttpServlet.java:741)
		at org.apache.catalina.core.ApplicationFilterChain.internalDoFilter(ApplicationFilterChain.java:231)
		at org.apache.catalina.core.ApplicationFilterChain.doFilter(ApplicationFilterChain.java:166)
		at org.apache.tomcat.websocket.server.WsFilter.doFilter(WsFilter.java:53)
		at org.apache.catalina.core.ApplicationFilterChain.internalDoFilter(ApplicationFilterChain.java:193)
		at org.apache.catalina.core.ApplicationFilterChain.doFilter(ApplicationFilterChain.java:166)
		at org.apache.catalina.core.ApplicationDispatcher.invoke(ApplicationDispatcher.java:712)
		at org.apache.catalina.core.ApplicationDispatcher.processRequest(ApplicationDispatcher.java:459)
		at org.apache.catalina.core.ApplicationDispatcher.doForward(ApplicationDispatcher.java:384)
		at org.apache.catalina.core.ApplicationDispatcher.forward(ApplicationDispatcher.java:312)
		at arrpiServlet.BusquedaPorNombreServlet.doGet(BusquedaPorNombreServlet.java:47)
		at javax.servlet.http.HttpServlet.service(HttpServlet.java:634)
		at javax.servlet.http.HttpServlet.service(HttpServlet.java:741)
		at org.apache.catalina.core.ApplicationFilterChain.internalDoFilter(ApplicationFilterChain.java:231)
		at org.apache.catalina.core.ApplicationFilterChain.doFilter(ApplicationFilterChain.java:166)
		at org.apache.tomcat.websocket.server.WsFilter.doFilter(WsFilter.java:53)
		at org.apache.catalina.core.ApplicationFilterChain.internalDoFilter(ApplicationFilterChain.java:193)
		at org.apache.catalina.core.ApplicationFilterChain.doFilter(ApplicationFilterChain.java:166)
		at org.apache.catalina.core.StandardWrapperValve.invoke(StandardWrapperValve.java:202)
		at org.apache.catalina.core.StandardContextValve.invoke(StandardContextValve.java:96)
		at org.apache.catalina.authenticator.AuthenticatorBase.invoke(AuthenticatorBase.java:526)
		at org.apache.catalina.core.StandardHostValve.invoke(StandardHostValve.java:139)
		at org.apache.catalina.valves.ErrorReportValve.invoke(ErrorReportValve.java:92)
		at org.apache.catalina.valves.AbstractAccessLogValve.invoke(AbstractAccessLogValve.java:678)
		at org.apache.catalina.core.StandardEngineValve.invoke(StandardEngineValve.java:74)
		at org.apache.catalina.connector.CoyoteAdapter.service(CoyoteAdapter.java:343)
		at org.apache.coyote.http11.Http11Processor.service(Http11Processor.java:367)
		at org.apache.coyote.AbstractProcessorLight.process(AbstractProcessorLight.java:65)
		at org.apache.coyote.AbstractProtocol$ConnectionHandler.process(AbstractProtocol.java:860)
		at org.apache.tomcat.util.net.NioEndpoint$SocketProcessor.doRun(NioEndpoint.java:1591)
		at org.apache.tomcat.util.net.SocketProcessorBase.run(SocketProcessorBase.java:49)
		at java.base/java.util.concurrent.ThreadPoolExecutor.runWorker(ThreadPoolExecutor.java:1135)
		at java.base/java.util.concurrent.ThreadPoolExecutor$Worker.run(ThreadPoolExecutor.java:635)
		at org.apache.tomcat.util.threads.TaskThread$WrappingRunnable.run(TaskThread.java:61)
		at java.base/java.lang.Thread.run(Thread.java:844)
24-Nov-2019 18:45:18.247 INFO [main] org.apache.catalina.core.ApplicationContext.log SessionListener: contextDestroyed()
24-Nov-2019 18:45:18.247 INFO [main] org.apache.catalina.core.ApplicationContext.log ContextListener: contextDestroyed()
24-Nov-2019 18:45:26.814 INFO [main] org.apache.catalina.core.ApplicationContext.log ContextListener: contextInitialized()
24-Nov-2019 18:45:26.814 INFO [main] org.apache.catalina.core.ApplicationContext.log SessionListener: contextInitialized()
24-Nov-2019 18:45:26.816 INFO [main] org.apache.catalina.core.ApplicationContext.log ContextListener: attributeAdded('StockTicker', 'async.Stockticker@3fc05ea2')
24-Nov-2019 19:38:36.117 INFO [main] org.apache.catalina.core.ApplicationContext.log SessionListener: contextDestroyed()
24-Nov-2019 19:38:36.117 INFO [main] org.apache.catalina.core.ApplicationContext.log ContextListener: contextDestroyed()
24-Nov-2019 19:38:40.626 INFO [main] org.apache.catalina.core.ApplicationContext.log ContextListener: contextInitialized()
24-Nov-2019 19:38:40.626 INFO [main] org.apache.catalina.core.ApplicationContext.log SessionListener: contextInitialized()
24-Nov-2019 19:38:40.630 INFO [main] org.apache.catalina.core.ApplicationContext.log ContextListener: attributeAdded('StockTicker', 'async.Stockticker@68fe48d7')
24-Nov-2019 19:41:04.354 INFO [main] org.apache.catalina.core.ApplicationContext.log SessionListener: contextDestroyed()
24-Nov-2019 19:41:04.354 INFO [main] org.apache.catalina.core.ApplicationContext.log ContextListener: contextDestroyed()
24-Nov-2019 19:41:24.716 INFO [main] org.apache.catalina.core.ApplicationContext.log ContextListener: contextInitialized()
24-Nov-2019 19:41:24.716 INFO [main] org.apache.catalina.core.ApplicationContext.log SessionListener: contextInitialized()
24-Nov-2019 19:41:24.721 INFO [main] org.apache.catalina.core.ApplicationContext.log ContextListener: attributeAdded('StockTicker', 'async.Stockticker@43da41e')
24-Nov-2019 19:43:13.500 INFO [main] org.apache.catalina.core.ApplicationContext.log SessionListener: contextDestroyed()
24-Nov-2019 19:43:13.500 INFO [main] org.apache.catalina.core.ApplicationContext.log ContextListener: contextDestroyed()
24-Nov-2019 19:43:16.205 INFO [main] org.apache.catalina.core.ApplicationContext.log ContextListener: contextInitialized()
24-Nov-2019 19:43:16.205 INFO [main] org.apache.catalina.core.ApplicationContext.log SessionListener: contextInitialized()
24-Nov-2019 19:43:16.209 INFO [main] org.apache.catalina.core.ApplicationContext.log ContextListener: attributeAdded('StockTicker', 'async.Stockticker@2a03d65c')
24-Nov-2019 19:44:41.749 INFO [main] org.apache.catalina.core.ApplicationContext.log SessionListener: contextDestroyed()
24-Nov-2019 19:44:41.749 INFO [main] org.apache.catalina.core.ApplicationContext.log ContextListener: contextDestroyed()
24-Nov-2019 19:44:44.435 INFO [main] org.apache.catalina.core.ApplicationContext.log ContextListener: contextInitialized()
24-Nov-2019 19:44:44.436 INFO [main] org.apache.catalina.core.ApplicationContext.log SessionListener: contextInitialized()
24-Nov-2019 19:44:44.440 INFO [main] org.apache.catalina.core.ApplicationContext.log ContextListener: attributeAdded('StockTicker', 'async.Stockticker@2009f9b0')
24-Nov-2019 19:46:14.130 INFO [main] org.apache.catalina.core.ApplicationContext.log SessionListener: contextDestroyed()
24-Nov-2019 19:46:14.130 INFO [main] org.apache.catalina.core.ApplicationContext.log ContextListener: contextDestroyed()
24-Nov-2019 19:46:17.040 INFO [main] org.apache.catalina.core.ApplicationContext.log ContextListener: contextInitialized()
24-Nov-2019 19:46:17.041 INFO [main] org.apache.catalina.core.ApplicationContext.log SessionListener: contextInitialized()
24-Nov-2019 19:46:17.045 INFO [main] org.apache.catalina.core.ApplicationContext.log ContextListener: attributeAdded('StockTicker', 'async.Stockticker@39ad12b6')
24-Nov-2019 19:48:49.937 INFO [main] org.apache.catalina.core.ApplicationContext.log SessionListener: contextDestroyed()
24-Nov-2019 19:48:49.937 INFO [main] org.apache.catalina.core.ApplicationContext.log ContextListener: contextDestroyed()
24-Nov-2019 19:48:52.670 INFO [main] org.apache.catalina.core.ApplicationContext.log ContextListener: contextInitialized()
24-Nov-2019 19:48:52.670 INFO [main] org.apache.catalina.core.ApplicationContext.log SessionListener: contextInitialized()
24-Nov-2019 19:48:52.673 INFO [main] org.apache.catalina.core.ApplicationContext.log ContextListener: attributeAdded('StockTicker', 'async.Stockticker@39ad12b6')
24-Nov-2019 19:55:55.554 INFO [main] org.apache.catalina.core.ApplicationContext.log SessionListener: contextDestroyed()
24-Nov-2019 19:55:55.554 INFO [main] org.apache.catalina.core.ApplicationContext.log ContextListener: contextDestroyed()
24-Nov-2019 19:55:58.418 INFO [main] org.apache.catalina.core.ApplicationContext.log ContextListener: contextInitialized()
24-Nov-2019 19:55:58.418 INFO [main] org.apache.catalina.core.ApplicationContext.log SessionListener: contextInitialized()
24-Nov-2019 19:55:58.421 INFO [main] org.apache.catalina.core.ApplicationContext.log ContextListener: attributeAdded('StockTicker', 'async.Stockticker@3fc05ea2')
24-Nov-2019 20:02:33.003 INFO [main] org.apache.catalina.core.ApplicationContext.log SessionListener: contextDestroyed()
24-Nov-2019 20:02:33.003 INFO [main] org.apache.catalina.core.ApplicationContext.log ContextListener: contextDestroyed()
24-Nov-2019 20:02:35.910 INFO [main] org.apache.catalina.core.ApplicationContext.log ContextListener: contextInitialized()
24-Nov-2019 20:02:35.910 INFO [main] org.apache.catalina.core.ApplicationContext.log SessionListener: contextInitialized()
24-Nov-2019 20:02:35.913 INFO [main] org.apache.catalina.core.ApplicationContext.log ContextListener: attributeAdded('StockTicker', 'async.Stockticker@2a03d65c')
24-Nov-2019 20:10:06.288 INFO [main] org.apache.catalina.core.ApplicationContext.log SessionListener: contextDestroyed()
24-Nov-2019 20:10:06.288 INFO [main] org.apache.catalina.core.ApplicationContext.log ContextListener: contextDestroyed()
24-Nov-2019 20:10:08.812 INFO [main] org.apache.catalina.core.ApplicationContext.log ContextListener: contextInitialized()
24-Nov-2019 20:10:08.813 INFO [main] org.apache.catalina.core.ApplicationContext.log SessionListener: contextInitialized()
24-Nov-2019 20:10:08.815 INFO [main] org.apache.catalina.core.ApplicationContext.log ContextListener: attributeAdded('StockTicker', 'async.Stockticker@2a03d65c')
24-Nov-2019 20:41:39.654 INFO [main] org.apache.catalina.core.ApplicationContext.log SessionListener: contextDestroyed()
24-Nov-2019 20:41:39.654 INFO [main] org.apache.catalina.core.ApplicationContext.log ContextListener: contextDestroyed()
24-Nov-2019 20:41:45.188 INFO [main] org.apache.catalina.core.ApplicationContext.log ContextListener: contextInitialized()
24-Nov-2019 20:41:45.188 INFO [main] org.apache.catalina.core.ApplicationContext.log SessionListener: contextInitialized()
24-Nov-2019 20:41:45.191 INFO [main] org.apache.catalina.core.ApplicationContext.log ContextListener: attributeAdded('StockTicker', 'async.Stockticker@50d951e7')
24-Nov-2019 20:44:08.614 INFO [main] org.apache.catalina.core.ApplicationContext.log SessionListener: contextDestroyed()
24-Nov-2019 20:44:08.614 INFO [main] org.apache.catalina.core.ApplicationContext.log ContextListener: contextDestroyed()
